ACTION START 2000 0 START
ACTION QUERY 2000 10 effects of media literacy on learning experience 
ACTION SERP 2000 15 EXAMINE_SERP
ACTION SNIPPET 2000 18 SNIPPET_NOT_RELEVANT 11465251
ACTION SNIPPET 2000 21 SNIPPET_NOT_RELEVANT 141749335
ACTION SNIPPET 2000 24 SNIPPET_NOT_RELEVANT 146530739
ACTION SNIPPET 2000 27 SNIPPET_NOT_RELEVANT 155487586
ACTION SNIPPET 2000 30 SNIPPET_NOT_RELEVANT 18967773
ACTION SNIPPET 2000 33 SNIPPET_NOT_RELEVANT 153116660
ACTION SNIPPET 2000 36 SNIPPET_NOT_RELEVANT 153522542
ACTION SNIPPET 2000 39 SNIPPET_NOT_RELEVANT 128755948
ACTION SNIPPET 2000 42 SNIPPET_NOT_RELEVANT 160772354
ACTION SNIPPET 2000 45 SNIPPET_NOT_RELEVANT 153696143
ACTION SNIPPET 2000 48 SNIPPET_NOT_RELEVANT 160656634
ACTION SNIPPET 2000 51 SNIPPET_NOT_RELEVANT 150233523
ACTION SNIPPET 2000 54 SNIPPET_NOT_RELEVANT 6958306
ACTION SNIPPET 2000 57 SNIPPET_NOT_RELEVANT 156598636
ACTION SNIPPET 2000 60 SNIPPET_NOT_RELEVANT 48211319
ACTION SNIPPET 2000 63 SNIPPET_NOT_RELEVANT 153537154
ACTION SNIPPET 2000 66 SNIPPET_NOT_RELEVANT 152245998
ACTION SNIPPET 2000 69 SNIPPET_NOT_RELEVANT 150486936
ACTION SNIPPET 2000 72 SNIPPET_NOT_RELEVANT 160825529
ACTION SNIPPET 2000 75 SNIPPET_NOT_RELEVANT 130431490
ACTION SNIPPET 2000 78 SNIPPET_NOT_RELEVANT 127041280
ACTION SNIPPET 2000 81 SNIPPET_NOT_RELEVANT 148415035
ACTION SNIPPET 2000 84 SNIPPET_NOT_RELEVANT 136676738
ACTION SNIPPET 2000 87 SNIPPET_NOT_RELEVANT 99067735
ACTION SNIPPET 2000 90 SNIPPET_NOT_RELEVANT 143434460
ACTION SNIPPET 2000 93 SNIPPET_NOT_RELEVANT 19510211
ACTION SNIPPET 2000 96 SNIPPET_NOT_RELEVANT 4762625
ACTION SNIPPET 2000 99 SNIPPET_NOT_RELEVANT 127132409
ACTION SNIPPET 2000 102 SNIPPET_NOT_RELEVANT 9464412
ACTION SNIPPET 2000 105 SNIPPET_NOT_RELEVANT 71370855
ACTION SNIPPET 2000 108 SNIPPET_NOT_RELEVANT 26271580
ACTION SNIPPET 2000 111 SNIPPET_NOT_RELEVANT 10992925
ACTION QUERY 2000 121 media literacy skills
ACTION SERP 2000 126 EXAMINE_SERP
ACTION SNIPPET 2000 129 SNIPPET_NOT_RELEVANT 68900750
ACTION SNIPPET 2000 132 SNIPPET_NOT_RELEVANT 150243675
ACTION SNIPPET 2000 135 SNIPPET_NOT_RELEVANT 40558776
ACTION SNIPPET 2000 138 SNIPPET_NOT_RELEVANT 138218578
ACTION SNIPPET 2000 141 SNIPPET_NOT_RELEVANT 146530739
ACTION SNIPPET 2000 144 SNIPPET_NOT_RELEVANT 139683519
ACTION SNIPPET 2000 147 SNIPPET_NOT_RELEVANT 155487586
ACTION SNIPPET 2000 150 SNIPPET_NOT_RELEVANT 157824701
ACTION SNIPPET 2000 153 SNIPPET_NOT_RELEVANT 140180828
ACTION SNIPPET 2000 156 SNIPPET_NOT_RELEVANT 18967773
ACTION SNIPPET 2000 159 SNIPPET_NOT_RELEVANT 8411011
ACTION SNIPPET 2000 162 SNIPPET_NOT_RELEVANT 23080010
ACTION SNIPPET 2000 165 SNIPPET_NOT_RELEVANT 153696143
ACTION SNIPPET 2000 168 SNIPPET_NOT_RELEVANT 143434460
ACTION SNIPPET 2000 171 SNIPPET_NOT_RELEVANT 67202227
ACTION SNIPPET 2000 174 SNIPPET_NOT_RELEVANT 154737511
ACTION SNIPPET 2000 177 SNIPPET_NOT_RELEVANT 4762625
ACTION SNIPPET 2000 180 SNIPPET_NOT_RELEVANT 142391747
ACTION SNIPPET 2000 183 SNIPPET_NOT_RELEVANT 50722794
ACTION SNIPPET 2000 186 SNIPPET_NOT_RELEVANT 127238737
ACTION SNIPPET 2000 189 SNIPPET_NOT_RELEVANT 40370990
ACTION SNIPPET 2000 192 SNIPPET_NOT_RELEVANT 153537154
ACTION SNIPPET 2000 195 SNIPPET_NOT_RELEVANT 101915797
ACTION SNIPPET 2000 198 SNIPPET_NOT_RELEVANT 67158928
ACTION SNIPPET 2000 201 SNIPPET_NOT_RELEVANT 74591430
ACTION SNIPPET 2000 204 SNIPPET_NOT_RELEVANT 11465251
ACTION SNIPPET 2000 207 SNIPPET_NOT_RELEVANT 152710215
ACTION SNIPPET 2000 210 SNIPPET_NOT_RELEVANT 126671166
ACTION SNIPPET 2000 213 SNIPPET_NOT_RELEVANT 96088187
ACTION SNIPPET 2000 216 SNIPPET_NOT_RELEVANT 141749335
ACTION SNIPPET 2000 219 SNIPPET_NOT_RELEVANT 143155773
ACTION SNIPPET 2000 222 SNIPPET_NOT_RELEVANT 19989890
ACTION QUERY 2000 232 impact of media literacy on learning experience 
ACTION SERP 2000 237 EXAMINE_SERP
ACTION SNIPPET 2000 240 SNIPPET_NOT_RELEVANT 18967773
ACTION SNIPPET 2000 243 SNIPPET_NOT_RELEVANT 146530739
ACTION SNIPPET 2000 246 SNIPPET_NOT_RELEVANT 141749335
ACTION SNIPPET 2000 249 SNIPPET_NOT_RELEVANT 11465251
ACTION SNIPPET 2000 252 SNIPPET_NOT_RELEVANT 127041280
ACTION SNIPPET 2000 255 SNIPPET_NOT_RELEVANT 153116660
ACTION SNIPPET 2000 258 SNIPPET_NOT_RELEVANT 6958306
ACTION SNIPPET 2000 261 SNIPPET_NOT_RELEVANT 128755948
ACTION SNIPPET 2000 264 SNIPPET_NOT_RELEVANT 160772354
ACTION SNIPPET 2000 267 SNIPPET_NOT_RELEVANT 160656634
ACTION SNIPPET 2000 270 SNIPPET_NOT_RELEVANT 149015889
ACTION SNIPPET 2000 273 SNIPPET_NOT_RELEVANT 125819791
ACTION SNIPPET 2000 276 SNIPPET_NOT_RELEVANT 48211319
ACTION SNIPPET 2000 279 SNIPPET_NOT_RELEVANT 2386356
ACTION SNIPPET 2000 282 SNIPPET_NOT_RELEVANT 71370855
ACTION SNIPPET 2000 285 SNIPPET_NOT_RELEVANT 152226306
ACTION SNIPPET 2000 288 SNIPPET_NOT_RELEVANT 40370990
ACTION SNIPPET 2000 291 SNIPPET_NOT_RELEVANT 155487586
ACTION SNIPPET 2000 294 SNIPPET_NOT_RELEVANT 160941591
ACTION SNIPPET 2000 297 SNIPPET_NOT_RELEVANT 63334418
ACTION SNIPPET 2000 300 SNIPPET_NOT_RELEVANT 27746758
ACTION SNIPPET 2000 303 SNIPPET_NOT_RELEVANT 136676738
ACTION SNIPPET 2000 306 SNIPPET_NOT_RELEVANT 153696143
ACTION SNIPPET 2000 309 SNIPPET_NOT_RELEVANT 99067735
ACTION SNIPPET 2000 312 SNIPPET_NOT_RELEVANT 30345982
ACTION SNIPPET 2000 315 SNIPPET_NOT_RELEVANT 127132409
ACTION SNIPPET 2000 318 SNIPPET_NOT_RELEVANT 145580867
ACTION SNIPPET 2000 321 SNIPPET_NOT_RELEVANT 10534893
ACTION SNIPPET 2000 324 SNIPPET_NOT_RELEVANT 156528399
ACTION SNIPPET 2000 327 SNIPPET_NOT_RELEVANT 10992925
ACTION SNIPPET 2000 330 SNIPPET_NOT_RELEVANT 147703260
ACTION SNIPPET 2000 333 SNIPPET_NOT_RELEVANT 129778187
ACTION QUERY 2000 343 Why is effects of media literacy on learning experience?
ACTION SERP 2000 348 EXAMINE_SERP
ACTION SNIPPET 2000 351 SNIPPET_NOT_RELEVANT 11465251
ACTION SNIPPET 2000 354 SNIPPET_NOT_RELEVANT 141749335
ACTION SNIPPET 2000 357 SNIPPET_NOT_RELEVANT 146530739
ACTION SNIPPET 2000 360 SNIPPET_NOT_RELEVANT 155487586
ACTION SNIPPET 2000 363 SNIPPET_NOT_RELEVANT 18967773
ACTION SNIPPET 2000 366 SNIPPET_NOT_RELEVANT 153116660
ACTION SNIPPET 2000 369 SNIPPET_NOT_RELEVANT 153522542
ACTION SNIPPET 2000 372 SNIPPET_NOT_RELEVANT 128755948
ACTION SNIPPET 2000 375 SNIPPET_NOT_RELEVANT 160772354
ACTION SNIPPET 2000 378 SNIPPET_NOT_RELEVANT 153696143
ACTION SNIPPET 2000 381 SNIPPET_NOT_RELEVANT 160656634
ACTION SNIPPET 2000 384 SNIPPET_NOT_RELEVANT 150233523
ACTION SNIPPET 2000 387 SNIPPET_NOT_RELEVANT 6958306
ACTION SNIPPET 2000 390 SNIPPET_NOT_RELEVANT 156598636
ACTION SNIPPET 2000 393 SNIPPET_NOT_RELEVANT 48211319
ACTION SNIPPET 2000 396 SNIPPET_NOT_RELEVANT 153537154
ACTION SNIPPET 2000 399 SNIPPET_NOT_RELEVANT 152245998
ACTION SNIPPET 2000 402 SNIPPET_NOT_RELEVANT 150486936
ACTION SNIPPET 2000 405 SNIPPET_NOT_RELEVANT 160825529
ACTION SNIPPET 2000 408 SNIPPET_NOT_RELEVANT 130431490
ACTION SNIPPET 2000 411 SNIPPET_NOT_RELEVANT 127041280
ACTION SNIPPET 2000 414 SNIPPET_NOT_RELEVANT 148415035
ACTION SNIPPET 2000 417 SNIPPET_NOT_RELEVANT 136676738
ACTION SNIPPET 2000 420 SNIPPET_NOT_RELEVANT 99067735
ACTION SNIPPET 2000 423 SNIPPET_NOT_RELEVANT 143434460
ACTION SNIPPET 2000 426 SNIPPET_NOT_RELEVANT 19510211
ACTION SNIPPET 2000 429 SNIPPET_NOT_RELEVANT 4762625
ACTION SNIPPET 2000 432 SNIPPET_NOT_RELEVANT 127132409
ACTION SNIPPET 2000 435 SNIPPET_NOT_RELEVANT 9464412
ACTION SNIPPET 2000 438 SNIPPET_NOT_RELEVANT 71370855
ACTION SNIPPET 2000 441 SNIPPET_NOT_RELEVANT 26271580
ACTION SNIPPET 2000 444 SNIPPET_NOT_RELEVANT 10992925
ACTION QUERY 2000 454 How to effects of media literacy on learning experience?
ACTION SERP 2000 459 EXAMINE_SERP
ACTION SNIPPET 2000 462 SNIPPET_NOT_RELEVANT 11465251
ACTION SNIPPET 2000 465 SNIPPET_NOT_RELEVANT 141749335
ACTION SNIPPET 2000 468 SNIPPET_NOT_RELEVANT 146530739
ACTION SNIPPET 2000 471 SNIPPET_NOT_RELEVANT 155487586
ACTION SNIPPET 2000 474 SNIPPET_NOT_RELEVANT 18967773
ACTION SNIPPET 2000 477 SNIPPET_NOT_RELEVANT 153116660
ACTION SNIPPET 2000 480 SNIPPET_NOT_RELEVANT 153522542
ACTION SNIPPET 2000 483 SNIPPET_NOT_RELEVANT 128755948
ACTION SNIPPET 2000 486 SNIPPET_NOT_RELEVANT 160772354
ACTION SNIPPET 2000 489 SNIPPET_NOT_RELEVANT 153696143
ACTION SNIPPET 2000 492 SNIPPET_NOT_RELEVANT 160656634
ACTION SNIPPET 2000 495 SNIPPET_NOT_RELEVANT 150233523
ACTION SNIPPET 2000 498 SNIPPET_NOT_RELEVANT 6958306
ACTION SNIPPET 2000 501 SNIPPET_NOT_RELEVANT 156598636
ACTION SNIPPET 2000 504 SNIPPET_NOT_RELEVANT 48211319
ACTION SNIPPET 2000 507 SNIPPET_NOT_RELEVANT 153537154
ACTION SNIPPET 2000 510 SNIPPET_NOT_RELEVANT 152245998
ACTION SNIPPET 2000 513 SNIPPET_NOT_RELEVANT 150486936
ACTION SNIPPET 2000 516 SNIPPET_NOT_RELEVANT 160825529
ACTION SNIPPET 2000 519 SNIPPET_NOT_RELEVANT 130431490
ACTION SNIPPET 2000 522 SNIPPET_NOT_RELEVANT 127041280
ACTION SNIPPET 2000 525 SNIPPET_NOT_RELEVANT 148415035
ACTION SNIPPET 2000 528 SNIPPET_NOT_RELEVANT 136676738
ACTION SNIPPET 2000 531 SNIPPET_NOT_RELEVANT 99067735
ACTION SNIPPET 2000 534 SNIPPET_NOT_RELEVANT 143434460
ACTION SNIPPET 2000 537 SNIPPET_NOT_RELEVANT 19510211
ACTION SNIPPET 2000 540 SNIPPET_NOT_RELEVANT 4762625
ACTION SNIPPET 2000 543 SNIPPET_NOT_RELEVANT 127132409
ACTION SNIPPET 2000 546 SNIPPET_NOT_RELEVANT 9464412
ACTION SNIPPET 2000 549 SNIPPET_NOT_RELEVANT 71370855
ACTION SNIPPET 2000 552 SNIPPET_NOT_RELEVANT 26271580
ACTION SNIPPET 2000 555 SNIPPET_NOT_RELEVANT 10992925
ACTION QUERY 2000 565 How would I effects of media literacy on learning experience?
ACTION SERP 2000 570 EXAMINE_SERP
ACTION SNIPPET 2000 573 SNIPPET_NOT_RELEVANT 11465251
ACTION SNIPPET 2000 576 SNIPPET_NOT_RELEVANT 141749335
ACTION SNIPPET 2000 579 SNIPPET_NOT_RELEVANT 146530739
ACTION SNIPPET 2000 582 SNIPPET_NOT_RELEVANT 155487586
ACTION SNIPPET 2000 585 SNIPPET_NOT_RELEVANT 18967773
ACTION SNIPPET 2000 588 SNIPPET_NOT_RELEVANT 153116660
ACTION SNIPPET 2000 591 SNIPPET_NOT_RELEVANT 153522542
ACTION SNIPPET 2000 594 SNIPPET_NOT_RELEVANT 128755948
ACTION SNIPPET 2000 597 SNIPPET_NOT_RELEVANT 160772354
ACTION SNIPPET 2000 600 SNIPPET_NOT_RELEVANT 153696143
ACTION SNIPPET 2000 603 SNIPPET_NOT_RELEVANT 160656634
ACTION SNIPPET 2000 606 SNIPPET_NOT_RELEVANT 150233523
ACTION SNIPPET 2000 609 SNIPPET_NOT_RELEVANT 6958306
ACTION SNIPPET 2000 612 SNIPPET_NOT_RELEVANT 156598636
ACTION SNIPPET 2000 615 SNIPPET_NOT_RELEVANT 48211319
ACTION SNIPPET 2000 618 SNIPPET_NOT_RELEVANT 153537154
ACTION SNIPPET 2000 621 SNIPPET_NOT_RELEVANT 152245998
ACTION SNIPPET 2000 624 SNIPPET_NOT_RELEVANT 150486936
ACTION SNIPPET 2000 627 SNIPPET_NOT_RELEVANT 160825529
ACTION SNIPPET 2000 630 SNIPPET_NOT_RELEVANT 130431490
ACTION SNIPPET 2000 633 SNIPPET_NOT_RELEVANT 127041280
ACTION SNIPPET 2000 636 SNIPPET_NOT_RELEVANT 148415035
ACTION SNIPPET 2000 639 SNIPPET_NOT_RELEVANT 136676738
ACTION SNIPPET 2000 642 SNIPPET_NOT_RELEVANT 99067735
ACTION SNIPPET 2000 645 SNIPPET_NOT_RELEVANT 143434460
ACTION SNIPPET 2000 648 SNIPPET_NOT_RELEVANT 19510211
ACTION SNIPPET 2000 651 SNIPPET_NOT_RELEVANT 4762625
ACTION SNIPPET 2000 654 SNIPPET_NOT_RELEVANT 127132409
ACTION SNIPPET 2000 657 SNIPPET_NOT_RELEVANT 9464412
ACTION SNIPPET 2000 660 SNIPPET_NOT_RELEVANT 71370855
ACTION SNIPPET 2000 663 SNIPPET_NOT_RELEVANT 26271580
ACTION SNIPPET 2000 666 SNIPPET_NOT_RELEVANT 10992925
ACTION QUERY 2000 676 Why is effects of media literacy on learning experience?
ACTION SERP 2000 681 EXAMINE_SERP
ACTION SNIPPET 2000 684 SNIPPET_NOT_RELEVANT 11465251
ACTION SNIPPET 2000 687 SNIPPET_NOT_RELEVANT 141749335
ACTION SNIPPET 2000 690 SNIPPET_NOT_RELEVANT 146530739
ACTION SNIPPET 2000 693 SNIPPET_NOT_RELEVANT 155487586
ACTION SNIPPET 2000 696 SNIPPET_NOT_RELEVANT 18967773
ACTION SNIPPET 2000 699 SNIPPET_NOT_RELEVANT 153116660
ACTION SNIPPET 2000 702 SNIPPET_NOT_RELEVANT 153522542
ACTION SNIPPET 2000 705 SNIPPET_NOT_RELEVANT 128755948
ACTION SNIPPET 2000 708 SNIPPET_NOT_RELEVANT 160772354
ACTION SNIPPET 2000 711 SNIPPET_NOT_RELEVANT 153696143
ACTION SNIPPET 2000 714 SNIPPET_NOT_RELEVANT 160656634
ACTION SNIPPET 2000 717 SNIPPET_NOT_RELEVANT 150233523
ACTION SNIPPET 2000 720 SNIPPET_NOT_RELEVANT 6958306
ACTION SNIPPET 2000 723 SNIPPET_NOT_RELEVANT 156598636
ACTION SNIPPET 2000 726 SNIPPET_NOT_RELEVANT 48211319
ACTION SNIPPET 2000 729 SNIPPET_NOT_RELEVANT 153537154
ACTION SNIPPET 2000 732 SNIPPET_NOT_RELEVANT 152245998
ACTION SNIPPET 2000 735 SNIPPET_NOT_RELEVANT 150486936
ACTION SNIPPET 2000 738 SNIPPET_NOT_RELEVANT 160825529
ACTION SNIPPET 2000 741 SNIPPET_NOT_RELEVANT 130431490
ACTION SNIPPET 2000 744 SNIPPET_NOT_RELEVANT 127041280
ACTION SNIPPET 2000 747 SNIPPET_NOT_RELEVANT 148415035
ACTION SNIPPET 2000 750 SNIPPET_NOT_RELEVANT 136676738
ACTION SNIPPET 2000 753 SNIPPET_NOT_RELEVANT 99067735
ACTION SNIPPET 2000 756 SNIPPET_NOT_RELEVANT 143434460
ACTION SNIPPET 2000 759 SNIPPET_NOT_RELEVANT 19510211
ACTION SNIPPET 2000 762 SNIPPET_NOT_RELEVANT 4762625
ACTION SNIPPET 2000 765 SNIPPET_NOT_RELEVANT 127132409
ACTION SNIPPET 2000 768 SNIPPET_NOT_RELEVANT 9464412
ACTION SNIPPET 2000 771 SNIPPET_NOT_RELEVANT 71370855
ACTION SNIPPET 2000 774 SNIPPET_NOT_RELEVANT 26271580
ACTION SNIPPET 2000 777 SNIPPET_NOT_RELEVANT 10992925
ACTION QUERY 2000 787 How would I effects of media literacy on learning experience?
ACTION SERP 2000 792 EXAMINE_SERP
ACTION SNIPPET 2000 795 SNIPPET_NOT_RELEVANT 11465251
ACTION SNIPPET 2000 798 SNIPPET_NOT_RELEVANT 141749335
ACTION SNIPPET 2000 801 SNIPPET_NOT_RELEVANT 146530739
ACTION SNIPPET 2000 804 SNIPPET_NOT_RELEVANT 155487586
ACTION SNIPPET 2000 807 SNIPPET_NOT_RELEVANT 18967773
ACTION SNIPPET 2000 810 SNIPPET_NOT_RELEVANT 153116660
ACTION SNIPPET 2000 813 SNIPPET_NOT_RELEVANT 153522542
ACTION SNIPPET 2000 816 SNIPPET_NOT_RELEVANT 128755948
ACTION SNIPPET 2000 819 SNIPPET_NOT_RELEVANT 160772354
ACTION SNIPPET 2000 822 SNIPPET_NOT_RELEVANT 153696143
ACTION SNIPPET 2000 825 SNIPPET_NOT_RELEVANT 160656634
ACTION SNIPPET 2000 828 SNIPPET_NOT_RELEVANT 150233523
ACTION SNIPPET 2000 831 SNIPPET_NOT_RELEVANT 6958306
ACTION SNIPPET 2000 834 SNIPPET_NOT_RELEVANT 156598636
ACTION SNIPPET 2000 837 SNIPPET_NOT_RELEVANT 48211319
ACTION SNIPPET 2000 840 SNIPPET_NOT_RELEVANT 153537154
ACTION SNIPPET 2000 843 SNIPPET_NOT_RELEVANT 152245998
ACTION SNIPPET 2000 846 SNIPPET_NOT_RELEVANT 150486936
ACTION SNIPPET 2000 849 SNIPPET_NOT_RELEVANT 160825529
ACTION SNIPPET 2000 852 SNIPPET_NOT_RELEVANT 130431490
ACTION SNIPPET 2000 855 SNIPPET_NOT_RELEVANT 127041280
ACTION SNIPPET 2000 858 SNIPPET_NOT_RELEVANT 148415035
ACTION SNIPPET 2000 861 SNIPPET_NOT_RELEVANT 136676738
ACTION SNIPPET 2000 864 SNIPPET_NOT_RELEVANT 99067735
ACTION SNIPPET 2000 867 SNIPPET_NOT_RELEVANT 143434460
ACTION SNIPPET 2000 870 SNIPPET_NOT_RELEVANT 19510211
ACTION SNIPPET 2000 873 SNIPPET_NOT_RELEVANT 4762625
ACTION SNIPPET 2000 876 SNIPPET_NOT_RELEVANT 127132409
ACTION SNIPPET 2000 879 SNIPPET_NOT_RELEVANT 9464412
ACTION SNIPPET 2000 882 SNIPPET_NOT_RELEVANT 71370855
ACTION SNIPPET 2000 885 SNIPPET_NOT_RELEVANT 26271580
ACTION SNIPPET 2000 888 SNIPPET_NOT_RELEVANT 10992925
ACTION QUERY 2000 898 How to effects of media literacy on learning experience?
ACTION SERP 2000 903 EXAMINE_SERP
ACTION SNIPPET 2000 906 SNIPPET_NOT_RELEVANT 11465251
ACTION SNIPPET 2000 909 SNIPPET_NOT_RELEVANT 141749335
ACTION SNIPPET 2000 912 SNIPPET_NOT_RELEVANT 146530739
ACTION SNIPPET 2000 915 SNIPPET_NOT_RELEVANT 155487586
ACTION SNIPPET 2000 918 SNIPPET_NOT_RELEVANT 18967773
ACTION SNIPPET 2000 921 SNIPPET_NOT_RELEVANT 153116660
ACTION SNIPPET 2000 924 SNIPPET_NOT_RELEVANT 153522542
ACTION SNIPPET 2000 927 SNIPPET_NOT_RELEVANT 128755948
ACTION SNIPPET 2000 930 SNIPPET_NOT_RELEVANT 160772354
ACTION SNIPPET 2000 933 SNIPPET_NOT_RELEVANT 153696143
ACTION SNIPPET 2000 936 SNIPPET_NOT_RELEVANT 160656634
ACTION SNIPPET 2000 939 SNIPPET_NOT_RELEVANT 150233523
ACTION SNIPPET 2000 942 SNIPPET_NOT_RELEVANT 6958306
ACTION SNIPPET 2000 945 SNIPPET_NOT_RELEVANT 156598636
ACTION SNIPPET 2000 948 SNIPPET_NOT_RELEVANT 48211319
ACTION SNIPPET 2000 951 SNIPPET_NOT_RELEVANT 153537154
ACTION SNIPPET 2000 954 SNIPPET_NOT_RELEVANT 152245998
ACTION SNIPPET 2000 957 SNIPPET_NOT_RELEVANT 150486936
ACTION SNIPPET 2000 960 SNIPPET_NOT_RELEVANT 160825529
ACTION SNIPPET 2000 963 SNIPPET_NOT_RELEVANT 130431490
ACTION SNIPPET 2000 966 SNIPPET_NOT_RELEVANT 127041280
ACTION SNIPPET 2000 969 SNIPPET_NOT_RELEVANT 148415035
ACTION SNIPPET 2000 972 SNIPPET_NOT_RELEVANT 136676738
ACTION SNIPPET 2000 975 SNIPPET_NOT_RELEVANT 99067735
ACTION SNIPPET 2000 978 SNIPPET_NOT_RELEVANT 143434460
ACTION SNIPPET 2000 981 SNIPPET_NOT_RELEVANT 19510211
ACTION SNIPPET 2000 984 SNIPPET_NOT_RELEVANT 4762625
ACTION SNIPPET 2000 987 SNIPPET_NOT_RELEVANT 127132409
ACTION SNIPPET 2000 990 SNIPPET_NOT_RELEVANT 9464412
ACTION SNIPPET 2000 993 SNIPPET_NOT_RELEVANT 71370855
ACTION SNIPPET 2000 996 SNIPPET_NOT_RELEVANT 26271580
ACTION SNIPPET 2000 999 SNIPPET_NOT_RELEVANT 10992925
ACTION QUERY 2000 1009 Why is effects of media literacy on learning experience?
ACTION SERP 2000 1014 EXAMINE_SERP
ACTION SNIPPET 2000 1017 SNIPPET_NOT_RELEVANT 11465251
ACTION SNIPPET 2000 1020 SNIPPET_NOT_RELEVANT 141749335
ACTION SNIPPET 2000 1023 SNIPPET_NOT_RELEVANT 146530739
ACTION SNIPPET 2000 1026 SNIPPET_NOT_RELEVANT 155487586
ACTION SNIPPET 2000 1029 SNIPPET_NOT_RELEVANT 18967773
ACTION SNIPPET 2000 1032 SNIPPET_NOT_RELEVANT 153116660
ACTION SNIPPET 2000 1035 SNIPPET_NOT_RELEVANT 153522542
ACTION SNIPPET 2000 1038 SNIPPET_NOT_RELEVANT 128755948
ACTION SNIPPET 2000 1041 SNIPPET_NOT_RELEVANT 160772354
ACTION SNIPPET 2000 1044 SNIPPET_NOT_RELEVANT 153696143
ACTION SNIPPET 2000 1047 SNIPPET_NOT_RELEVANT 160656634
ACTION SNIPPET 2000 1050 SNIPPET_NOT_RELEVANT 150233523
ACTION SNIPPET 2000 1053 SNIPPET_NOT_RELEVANT 6958306
ACTION SNIPPET 2000 1056 SNIPPET_NOT_RELEVANT 156598636
ACTION SNIPPET 2000 1059 SNIPPET_NOT_RELEVANT 48211319
ACTION SNIPPET 2000 1062 SNIPPET_NOT_RELEVANT 153537154
ACTION SNIPPET 2000 1065 SNIPPET_NOT_RELEVANT 152245998
ACTION SNIPPET 2000 1068 SNIPPET_NOT_RELEVANT 150486936
ACTION SNIPPET 2000 1071 SNIPPET_NOT_RELEVANT 160825529
ACTION SNIPPET 2000 1074 SNIPPET_NOT_RELEVANT 130431490
ACTION SNIPPET 2000 1077 SNIPPET_NOT_RELEVANT 127041280
ACTION SNIPPET 2000 1080 SNIPPET_NOT_RELEVANT 148415035
ACTION SNIPPET 2000 1083 SNIPPET_NOT_RELEVANT 136676738
ACTION SNIPPET 2000 1086 SNIPPET_NOT_RELEVANT 99067735
ACTION SNIPPET 2000 1089 SNIPPET_NOT_RELEVANT 143434460
ACTION SNIPPET 2000 1092 SNIPPET_NOT_RELEVANT 19510211
ACTION SNIPPET 2000 1095 SNIPPET_NOT_RELEVANT 4762625
ACTION SNIPPET 2000 1098 SNIPPET_NOT_RELEVANT 127132409
ACTION SNIPPET 2000 1101 SNIPPET_NOT_RELEVANT 9464412
ACTION SNIPPET 2000 1104 SNIPPET_NOT_RELEVANT 71370855
ACTION SNIPPET 2000 1107 SNIPPET_NOT_RELEVANT 26271580
ACTION SNIPPET 2000 1110 SNIPPET_NOT_RELEVANT 10992925
ACTION QUERY 2000 1120 How to effects of media literacy on learning experience?
ACTION SERP 2000 1125 EXAMINE_SERP
ACTION SNIPPET 2000 1128 SNIPPET_NOT_RELEVANT 11465251
ACTION SNIPPET 2000 1131 SNIPPET_NOT_RELEVANT 141749335
ACTION SNIPPET 2000 1134 SNIPPET_NOT_RELEVANT 146530739
ACTION SNIPPET 2000 1137 SNIPPET_NOT_RELEVANT 155487586
ACTION SNIPPET 2000 1140 SNIPPET_NOT_RELEVANT 18967773
ACTION SNIPPET 2000 1143 SNIPPET_NOT_RELEVANT 153116660
ACTION SNIPPET 2000 1146 SNIPPET_NOT_RELEVANT 153522542
ACTION SNIPPET 2000 1149 SNIPPET_NOT_RELEVANT 128755948
ACTION SNIPPET 2000 1152 SNIPPET_NOT_RELEVANT 160772354
ACTION SNIPPET 2000 1155 SNIPPET_NOT_RELEVANT 153696143
ACTION SNIPPET 2000 1158 SNIPPET_NOT_RELEVANT 160656634
ACTION SNIPPET 2000 1161 SNIPPET_NOT_RELEVANT 150233523
ACTION SNIPPET 2000 1164 SNIPPET_NOT_RELEVANT 6958306
ACTION SNIPPET 2000 1167 SNIPPET_NOT_RELEVANT 156598636
ACTION SNIPPET 2000 1170 SNIPPET_NOT_RELEVANT 48211319
ACTION SNIPPET 2000 1173 SNIPPET_NOT_RELEVANT 153537154
ACTION SNIPPET 2000 1176 SNIPPET_NOT_RELEVANT 152245998
ACTION SNIPPET 2000 1179 SNIPPET_NOT_RELEVANT 150486936
ACTION SNIPPET 2000 1182 SNIPPET_NOT_RELEVANT 160825529
ACTION SNIPPET 2000 1185 SNIPPET_NOT_RELEVANT 130431490
ACTION SNIPPET 2000 1188 SNIPPET_NOT_RELEVANT 127041280
ACTION SNIPPET 2000 1191 SNIPPET_NOT_RELEVANT 148415035
ACTION SNIPPET 2000 1194 SNIPPET_NOT_RELEVANT 136676738
ACTION SNIPPET 2000 1197 SNIPPET_NOT_RELEVANT 99067735
ACTION SNIPPET 2000 1200 SNIPPET_NOT_RELEVANT 143434460
ACTION SNIPPET 2000 1203 SNIPPET_NOT_RELEVANT 19510211
ACTION SNIPPET 2000 1206 SNIPPET_NOT_RELEVANT 4762625
ACTION SNIPPET 2000 1209 SNIPPET_NOT_RELEVANT 127132409
ACTION SNIPPET 2000 1212 SNIPPET_NOT_RELEVANT 9464412
ACTION SNIPPET 2000 1215 SNIPPET_NOT_RELEVANT 71370855
ACTION SNIPPET 2000 1218 SNIPPET_NOT_RELEVANT 26271580
ACTION SNIPPET 2000 1221 SNIPPET_NOT_RELEVANT 10992925
ACTION QUERY 2000 1231 How to effects of media literacy on learning experience?
ACTION SERP 2000 1236 EXAMINE_SERP
ACTION SNIPPET 2000 1239 SNIPPET_NOT_RELEVANT 11465251
ACTION SNIPPET 2000 1242 SNIPPET_NOT_RELEVANT 141749335
ACTION SNIPPET 2000 1245 SNIPPET_NOT_RELEVANT 146530739
ACTION SNIPPET 2000 1248 SNIPPET_NOT_RELEVANT 155487586
ACTION SNIPPET 2000 1251 SNIPPET_NOT_RELEVANT 18967773
ACTION SNIPPET 2000 1254 SNIPPET_NOT_RELEVANT 153116660
ACTION SNIPPET 2000 1257 SNIPPET_NOT_RELEVANT 153522542
ACTION SNIPPET 2000 1260 SNIPPET_NOT_RELEVANT 128755948
ACTION SNIPPET 2000 1263 SNIPPET_NOT_RELEVANT 160772354
ACTION SNIPPET 2000 1266 SNIPPET_NOT_RELEVANT 153696143
ACTION SNIPPET 2000 1269 SNIPPET_NOT_RELEVANT 160656634
ACTION SNIPPET 2000 1272 SNIPPET_NOT_RELEVANT 150233523
ACTION SNIPPET 2000 1275 SNIPPET_NOT_RELEVANT 6958306
ACTION SNIPPET 2000 1278 SNIPPET_NOT_RELEVANT 156598636
ACTION SNIPPET 2000 1281 SNIPPET_NOT_RELEVANT 48211319
ACTION SNIPPET 2000 1284 SNIPPET_NOT_RELEVANT 153537154
ACTION SNIPPET 2000 1287 SNIPPET_NOT_RELEVANT 152245998
ACTION SNIPPET 2000 1290 SNIPPET_NOT_RELEVANT 150486936
ACTION SNIPPET 2000 1293 SNIPPET_NOT_RELEVANT 160825529
ACTION SNIPPET 2000 1296 SNIPPET_NOT_RELEVANT 130431490
ACTION SNIPPET 2000 1299 SNIPPET_NOT_RELEVANT 127041280
ACTION SNIPPET 2000 1302 SNIPPET_NOT_RELEVANT 148415035
ACTION SNIPPET 2000 1305 SNIPPET_NOT_RELEVANT 136676738
ACTION SNIPPET 2000 1308 SNIPPET_NOT_RELEVANT 99067735
ACTION SNIPPET 2000 1311 SNIPPET_NOT_RELEVANT 143434460
ACTION SNIPPET 2000 1314 SNIPPET_NOT_RELEVANT 19510211
ACTION SNIPPET 2000 1317 SNIPPET_NOT_RELEVANT 4762625
ACTION SNIPPET 2000 1320 SNIPPET_NOT_RELEVANT 127132409
ACTION SNIPPET 2000 1323 SNIPPET_NOT_RELEVANT 9464412
ACTION SNIPPET 2000 1326 SNIPPET_NOT_RELEVANT 71370855
ACTION SNIPPET 2000 1329 SNIPPET_NOT_RELEVANT 26271580
ACTION SNIPPET 2000 1332 SNIPPET_NOT_RELEVANT 10992925
ACTION QUERY 2000 1342 What is effects of media literacy on learning experience?
ACTION SERP 2000 1347 EXAMINE_SERP
ACTION SNIPPET 2000 1350 SNIPPET_NOT_RELEVANT 11465251
ACTION SNIPPET 2000 1353 SNIPPET_NOT_RELEVANT 141749335
ACTION SNIPPET 2000 1356 SNIPPET_NOT_RELEVANT 146530739
ACTION SNIPPET 2000 1359 SNIPPET_NOT_RELEVANT 155487586
ACTION SNIPPET 2000 1362 SNIPPET_NOT_RELEVANT 18967773
ACTION SNIPPET 2000 1365 SNIPPET_NOT_RELEVANT 153116660
ACTION SNIPPET 2000 1368 SNIPPET_NOT_RELEVANT 153522542
ACTION SNIPPET 2000 1371 SNIPPET_NOT_RELEVANT 128755948
ACTION SNIPPET 2000 1374 SNIPPET_NOT_RELEVANT 160772354
ACTION SNIPPET 2000 1377 SNIPPET_NOT_RELEVANT 153696143
ACTION SNIPPET 2000 1380 SNIPPET_NOT_RELEVANT 160656634
ACTION SNIPPET 2000 1383 SNIPPET_NOT_RELEVANT 150233523
ACTION SNIPPET 2000 1386 SNIPPET_NOT_RELEVANT 6958306
ACTION SNIPPET 2000 1389 SNIPPET_NOT_RELEVANT 156598636
ACTION SNIPPET 2000 1392 SNIPPET_NOT_RELEVANT 48211319
ACTION SNIPPET 2000 1395 SNIPPET_NOT_RELEVANT 153537154
ACTION SNIPPET 2000 1398 SNIPPET_NOT_RELEVANT 152245998
ACTION SNIPPET 2000 1401 SNIPPET_NOT_RELEVANT 150486936
ACTION SNIPPET 2000 1404 SNIPPET_NOT_RELEVANT 160825529
ACTION SNIPPET 2000 1407 SNIPPET_NOT_RELEVANT 130431490
ACTION SNIPPET 2000 1410 SNIPPET_NOT_RELEVANT 127041280
ACTION SNIPPET 2000 1413 SNIPPET_NOT_RELEVANT 148415035
ACTION SNIPPET 2000 1416 SNIPPET_NOT_RELEVANT 136676738
ACTION SNIPPET 2000 1419 SNIPPET_NOT_RELEVANT 99067735
ACTION SNIPPET 2000 1422 SNIPPET_NOT_RELEVANT 143434460
ACTION SNIPPET 2000 1425 SNIPPET_NOT_RELEVANT 19510211
ACTION SNIPPET 2000 1428 SNIPPET_NOT_RELEVANT 4762625
ACTION SNIPPET 2000 1431 SNIPPET_NOT_RELEVANT 127132409
ACTION SNIPPET 2000 1434 SNIPPET_NOT_RELEVANT 9464412
ACTION SNIPPET 2000 1437 SNIPPET_NOT_RELEVANT 71370855
ACTION SNIPPET 2000 1440 SNIPPET_NOT_RELEVANT 26271580
ACTION SNIPPET 2000 1443 SNIPPET_NOT_RELEVANT 10992925
ACTION QUERY 2000 1453 Why is effects of media literacy on learning experience?
ACTION SERP 2000 1458 EXAMINE_SERP
ACTION SNIPPET 2000 1461 SNIPPET_NOT_RELEVANT 11465251
ACTION SNIPPET 2000 1464 SNIPPET_NOT_RELEVANT 141749335
ACTION SNIPPET 2000 1467 SNIPPET_NOT_RELEVANT 146530739
ACTION SNIPPET 2000 1470 SNIPPET_NOT_RELEVANT 155487586
ACTION SNIPPET 2000 1473 SNIPPET_NOT_RELEVANT 18967773
ACTION SNIPPET 2000 1476 SNIPPET_NOT_RELEVANT 153116660
ACTION SNIPPET 2000 1479 SNIPPET_NOT_RELEVANT 153522542
ACTION SNIPPET 2000 1482 SNIPPET_NOT_RELEVANT 128755948
ACTION SNIPPET 2000 1485 SNIPPET_NOT_RELEVANT 160772354
ACTION SNIPPET 2000 1488 SNIPPET_NOT_RELEVANT 153696143
ACTION SNIPPET 2000 1491 SNIPPET_NOT_RELEVANT 160656634
ACTION SNIPPET 2000 1494 SNIPPET_NOT_RELEVANT 150233523
ACTION SNIPPET 2000 1497 SNIPPET_NOT_RELEVANT 6958306
ACTION SNIPPET 2000 1500 SNIPPET_NOT_RELEVANT 156598636
ACTION SNIPPET 2000 1503 SNIPPET_NOT_RELEVANT 48211319
ACTION SNIPPET 2000 1506 SNIPPET_NOT_RELEVANT 153537154
ACTION SNIPPET 2000 1509 SNIPPET_NOT_RELEVANT 152245998
ACTION SNIPPET 2000 1512 SNIPPET_NOT_RELEVANT 150486936
ACTION SNIPPET 2000 1515 SNIPPET_NOT_RELEVANT 160825529
ACTION SNIPPET 2000 1518 SNIPPET_NOT_RELEVANT 130431490
ACTION SNIPPET 2000 1521 SNIPPET_NOT_RELEVANT 127041280
ACTION SNIPPET 2000 1524 SNIPPET_NOT_RELEVANT 148415035
ACTION SNIPPET 2000 1527 SNIPPET_NOT_RELEVANT 136676738
ACTION SNIPPET 2000 1530 SNIPPET_NOT_RELEVANT 99067735
ACTION SNIPPET 2000 1533 SNIPPET_NOT_RELEVANT 143434460
ACTION SNIPPET 2000 1536 SNIPPET_NOT_RELEVANT 19510211
ACTION SNIPPET 2000 1539 SNIPPET_NOT_RELEVANT 4762625
ACTION SNIPPET 2000 1542 SNIPPET_NOT_RELEVANT 127132409
ACTION SNIPPET 2000 1545 SNIPPET_NOT_RELEVANT 9464412
ACTION SNIPPET 2000 1548 SNIPPET_NOT_RELEVANT 71370855
ACTION SNIPPET 2000 1551 SNIPPET_NOT_RELEVANT 26271580
ACTION SNIPPET 2000 1554 SNIPPET_NOT_RELEVANT 10992925
ACTION QUERY 2000 1564 Where is effects of media literacy on learning experience?
ACTION SERP 2000 1569 EXAMINE_SERP
ACTION SNIPPET 2000 1572 SNIPPET_NOT_RELEVANT 11465251
ACTION SNIPPET 2000 1575 SNIPPET_NOT_RELEVANT 141749335
ACTION SNIPPET 2000 1578 SNIPPET_NOT_RELEVANT 146530739
ACTION SNIPPET 2000 1581 SNIPPET_NOT_RELEVANT 155487586
ACTION SNIPPET 2000 1584 SNIPPET_NOT_RELEVANT 18967773
ACTION SNIPPET 2000 1587 SNIPPET_NOT_RELEVANT 153116660
ACTION SNIPPET 2000 1590 SNIPPET_NOT_RELEVANT 153522542
ACTION SNIPPET 2000 1593 SNIPPET_NOT_RELEVANT 128755948
ACTION SNIPPET 2000 1596 SNIPPET_NOT_RELEVANT 160772354
ACTION SNIPPET 2000 1599 SNIPPET_NOT_RELEVANT 153696143
ACTION SNIPPET 2000 1602 SNIPPET_NOT_RELEVANT 160656634
ACTION SNIPPET 2000 1605 SNIPPET_NOT_RELEVANT 150233523
ACTION SNIPPET 2000 1608 SNIPPET_NOT_RELEVANT 6958306
ACTION SNIPPET 2000 1611 SNIPPET_NOT_RELEVANT 156598636
ACTION SNIPPET 2000 1614 SNIPPET_NOT_RELEVANT 48211319
ACTION SNIPPET 2000 1617 SNIPPET_NOT_RELEVANT 153537154
ACTION SNIPPET 2000 1620 SNIPPET_NOT_RELEVANT 152245998
ACTION SNIPPET 2000 1623 SNIPPET_NOT_RELEVANT 150486936
ACTION SNIPPET 2000 1626 SNIPPET_NOT_RELEVANT 160825529
ACTION SNIPPET 2000 1629 SNIPPET_NOT_RELEVANT 130431490
ACTION SNIPPET 2000 1632 SNIPPET_NOT_RELEVANT 127041280
ACTION SNIPPET 2000 1635 SNIPPET_NOT_RELEVANT 148415035
ACTION SNIPPET 2000 1638 SNIPPET_NOT_RELEVANT 136676738
ACTION SNIPPET 2000 1641 SNIPPET_NOT_RELEVANT 99067735
ACTION SNIPPET 2000 1644 SNIPPET_NOT_RELEVANT 143434460
ACTION SNIPPET 2000 1647 SNIPPET_NOT_RELEVANT 19510211
ACTION SNIPPET 2000 1650 SNIPPET_NOT_RELEVANT 4762625
ACTION SNIPPET 2000 1653 SNIPPET_NOT_RELEVANT 127132409
ACTION SNIPPET 2000 1656 SNIPPET_NOT_RELEVANT 9464412
ACTION SNIPPET 2000 1659 SNIPPET_NOT_RELEVANT 71370855
ACTION SNIPPET 2000 1662 SNIPPET_NOT_RELEVANT 26271580
ACTION SNIPPET 2000 1665 SNIPPET_NOT_RELEVANT 10992925
ACTION QUERY 2000 1675 How to effects of media literacy on learning experience?
ACTION SERP 2000 1680 EXAMINE_SERP
ACTION SNIPPET 2000 1683 SNIPPET_NOT_RELEVANT 11465251
ACTION SNIPPET 2000 1686 SNIPPET_NOT_RELEVANT 141749335
ACTION SNIPPET 2000 1689 SNIPPET_NOT_RELEVANT 146530739
ACTION SNIPPET 2000 1692 SNIPPET_NOT_RELEVANT 155487586
ACTION SNIPPET 2000 1695 SNIPPET_NOT_RELEVANT 18967773
ACTION SNIPPET 2000 1698 SNIPPET_NOT_RELEVANT 153116660
ACTION SNIPPET 2000 1701 SNIPPET_NOT_RELEVANT 153522542
ACTION SNIPPET 2000 1704 SNIPPET_NOT_RELEVANT 128755948
ACTION SNIPPET 2000 1707 SNIPPET_NOT_RELEVANT 160772354
ACTION SNIPPET 2000 1710 SNIPPET_NOT_RELEVANT 153696143
ACTION SNIPPET 2000 1713 SNIPPET_NOT_RELEVANT 160656634
ACTION SNIPPET 2000 1716 SNIPPET_NOT_RELEVANT 150233523
ACTION SNIPPET 2000 1719 SNIPPET_NOT_RELEVANT 6958306
ACTION SNIPPET 2000 1722 SNIPPET_NOT_RELEVANT 156598636
ACTION SNIPPET 2000 1725 SNIPPET_NOT_RELEVANT 48211319
ACTION SNIPPET 2000 1728 SNIPPET_NOT_RELEVANT 153537154
ACTION SNIPPET 2000 1731 SNIPPET_NOT_RELEVANT 152245998
ACTION SNIPPET 2000 1734 SNIPPET_NOT_RELEVANT 150486936
ACTION SNIPPET 2000 1737 SNIPPET_NOT_RELEVANT 160825529
ACTION SNIPPET 2000 1740 SNIPPET_NOT_RELEVANT 130431490
ACTION SNIPPET 2000 1743 SNIPPET_NOT_RELEVANT 127041280
ACTION SNIPPET 2000 1746 SNIPPET_NOT_RELEVANT 148415035
ACTION SNIPPET 2000 1749 SNIPPET_NOT_RELEVANT 136676738
ACTION SNIPPET 2000 1752 SNIPPET_NOT_RELEVANT 99067735
ACTION SNIPPET 2000 1755 SNIPPET_NOT_RELEVANT 143434460
ACTION SNIPPET 2000 1758 SNIPPET_NOT_RELEVANT 19510211
ACTION SNIPPET 2000 1761 SNIPPET_NOT_RELEVANT 4762625
ACTION SNIPPET 2000 1764 SNIPPET_NOT_RELEVANT 127132409
ACTION SNIPPET 2000 1767 SNIPPET_NOT_RELEVANT 9464412
ACTION SNIPPET 2000 1770 SNIPPET_NOT_RELEVANT 71370855
ACTION SNIPPET 2000 1773 SNIPPET_NOT_RELEVANT 26271580
ACTION SNIPPET 2000 1776 SNIPPET_NOT_RELEVANT 10992925
ACTION QUERY 2000 1786 Why is effects of media literacy on learning experience?
ACTION SERP 2000 1791 EXAMINE_SERP
ACTION SNIPPET 2000 1794 SNIPPET_NOT_RELEVANT 11465251
ACTION SNIPPET 2000 1797 SNIPPET_NOT_RELEVANT 141749335
ACTION SNIPPET 2000 1800 SNIPPET_NOT_RELEVANT 146530739
ACTION SNIPPET 2000 1803 SNIPPET_NOT_RELEVANT 155487586
ACTION SNIPPET 2000 1806 SNIPPET_NOT_RELEVANT 18967773
ACTION SNIPPET 2000 1809 SNIPPET_NOT_RELEVANT 153116660
ACTION SNIPPET 2000 1812 SNIPPET_NOT_RELEVANT 153522542
ACTION SNIPPET 2000 1815 SNIPPET_NOT_RELEVANT 128755948
ACTION SNIPPET 2000 1818 SNIPPET_NOT_RELEVANT 160772354
ACTION SNIPPET 2000 1821 SNIPPET_NOT_RELEVANT 153696143
ACTION SNIPPET 2000 1824 SNIPPET_NOT_RELEVANT 160656634
ACTION SNIPPET 2000 1827 SNIPPET_NOT_RELEVANT 150233523
ACTION SNIPPET 2000 1830 SNIPPET_NOT_RELEVANT 6958306
ACTION SNIPPET 2000 1833 SNIPPET_NOT_RELEVANT 156598636
ACTION SNIPPET 2000 1836 SNIPPET_NOT_RELEVANT 48211319
ACTION SNIPPET 2000 1839 SNIPPET_NOT_RELEVANT 153537154
ACTION SNIPPET 2000 1842 SNIPPET_NOT_RELEVANT 152245998
ACTION SNIPPET 2000 1845 SNIPPET_NOT_RELEVANT 150486936
ACTION SNIPPET 2000 1848 SNIPPET_NOT_RELEVANT 160825529
ACTION SNIPPET 2000 1851 SNIPPET_NOT_RELEVANT 130431490
ACTION SNIPPET 2000 1854 SNIPPET_NOT_RELEVANT 127041280
ACTION SNIPPET 2000 1857 SNIPPET_NOT_RELEVANT 148415035
ACTION SNIPPET 2000 1860 SNIPPET_NOT_RELEVANT 136676738
ACTION SNIPPET 2000 1863 SNIPPET_NOT_RELEVANT 99067735
ACTION SNIPPET 2000 1866 SNIPPET_NOT_RELEVANT 143434460
ACTION SNIPPET 2000 1869 SNIPPET_NOT_RELEVANT 19510211
ACTION SNIPPET 2000 1872 SNIPPET_NOT_RELEVANT 4762625
ACTION SNIPPET 2000 1875 SNIPPET_NOT_RELEVANT 127132409
ACTION SNIPPET 2000 1878 SNIPPET_NOT_RELEVANT 9464412
ACTION SNIPPET 2000 1881 SNIPPET_NOT_RELEVANT 71370855
ACTION SNIPPET 2000 1884 SNIPPET_NOT_RELEVANT 26271580
ACTION SNIPPET 2000 1887 SNIPPET_NOT_RELEVANT 10992925
ACTION QUERY 2000 1897 Why is effects of media literacy on learning experience?
ACTION SERP 2000 1902 EXAMINE_SERP
ACTION SNIPPET 2000 1905 SNIPPET_NOT_RELEVANT 11465251
ACTION SNIPPET 2000 1908 SNIPPET_NOT_RELEVANT 141749335
ACTION SNIPPET 2000 1911 SNIPPET_NOT_RELEVANT 146530739
ACTION SNIPPET 2000 1914 SNIPPET_NOT_RELEVANT 155487586
ACTION SNIPPET 2000 1917 SNIPPET_NOT_RELEVANT 18967773
ACTION SNIPPET 2000 1920 SNIPPET_NOT_RELEVANT 153116660
ACTION SNIPPET 2000 1923 SNIPPET_NOT_RELEVANT 153522542
ACTION SNIPPET 2000 1926 SNIPPET_NOT_RELEVANT 128755948
ACTION SNIPPET 2000 1929 SNIPPET_NOT_RELEVANT 160772354
ACTION SNIPPET 2000 1932 SNIPPET_NOT_RELEVANT 153696143
ACTION SNIPPET 2000 1935 SNIPPET_NOT_RELEVANT 160656634
ACTION SNIPPET 2000 1938 SNIPPET_NOT_RELEVANT 150233523
ACTION SNIPPET 2000 1941 SNIPPET_NOT_RELEVANT 6958306
ACTION SNIPPET 2000 1944 SNIPPET_NOT_RELEVANT 156598636
ACTION SNIPPET 2000 1947 SNIPPET_NOT_RELEVANT 48211319
ACTION SNIPPET 2000 1950 SNIPPET_NOT_RELEVANT 153537154
ACTION SNIPPET 2000 1953 SNIPPET_NOT_RELEVANT 152245998
ACTION SNIPPET 2000 1956 SNIPPET_NOT_RELEVANT 150486936
ACTION SNIPPET 2000 1959 SNIPPET_NOT_RELEVANT 160825529
ACTION SNIPPET 2000 1962 SNIPPET_NOT_RELEVANT 130431490
ACTION SNIPPET 2000 1965 SNIPPET_NOT_RELEVANT 127041280
ACTION SNIPPET 2000 1968 SNIPPET_NOT_RELEVANT 148415035
ACTION SNIPPET 2000 1971 SNIPPET_NOT_RELEVANT 136676738
ACTION SNIPPET 2000 1974 SNIPPET_NOT_RELEVANT 99067735
ACTION SNIPPET 2000 1977 SNIPPET_NOT_RELEVANT 143434460
ACTION SNIPPET 2000 1980 SNIPPET_NOT_RELEVANT 19510211
ACTION SNIPPET 2000 1983 SNIPPET_NOT_RELEVANT 4762625
ACTION SNIPPET 2000 1986 SNIPPET_NOT_RELEVANT 127132409
ACTION SNIPPET 2000 1989 SNIPPET_NOT_RELEVANT 9464412
ACTION SNIPPET 2000 1992 SNIPPET_NOT_RELEVANT 71370855
ACTION SNIPPET 2000 1995 SNIPPET_NOT_RELEVANT 26271580
ACTION SNIPPET 2000 1998 SNIPPET_NOT_RELEVANT 10992925
ACTION QUERY 2000 2008 Why is effects of media literacy on learning experience?
INFO SUMMARY 
INFO TOTAL_QUERIES_ISSUED 19
INFO TOTAL_SNIPPETS_EXAMINED 576
INFO TOTAL_DOCUMENTS_EXAMINED 0
INFO TOTAL_DOCUMENTS_MARKED_RELEVANT 0
INFO TOTAL_ATTRACTIVE_SERP_IMPRESSIONS 18
INFO TOTAL_UNATTRACTIVE_SERP_IMPRESSIONS 0
